Clock: clk
Sources: clk 
Generated: no
Virtual: yes
Propagated: no
Period: 100.000000

===========================================================================
report_clock_properties
============================================================================
Clock                   Period          Waveform
----------------------------------------------------
clk                 100.000000    0.000000 50.000000

===========================================================================
report_clock_latency
============================================================================
Clock clk
rise -> rise
    min     max
0.000000 0.000000 source latency
0.736743         network latency _774_/CLK
        25.100037 network latency _736_/CLK
---------------
0.736743 25.100037 latency
        24.363295 skew

rise -> fall
    min     max
0.000000 0.000000 source latency
22.454155         network latency _756_/CLK
        25.602528 network latency _736_/CLK
---------------
22.454155 25.602528 latency
        3.148372 skew

fall -> fall
    min     max
0.000000 0.000000 source latency
0.693856         network latency _774_/CLK
        0.702631 network latency _775_/CLK
---------------
0.693856 0.702631 latency
        0.008775 skew



===========================================================================
report_clock_min_period
============================================================================
clk period_min = 8.83 fmax = 113.28
