Clock: clk
Sources: clk 
Generated: no
Virtual: no
Propagated: no
Period: 100.000000

===========================================================================
report_clock_properties
============================================================================
Clock                   Period          Waveform
----------------------------------------------------
clk                 100.000000    0.000000 50.000000

===========================================================================
report_clock_latency
============================================================================
Clock clk
rise -> rise
    min     max
0.000000 0.000000 source latency
0.481793         network latency _669_/CLK
        21.485163 network latency _670_/CLK
---------------
0.481793 21.485163 latency
        21.003370 skew

rise -> fall
    min     max
0.000000 0.000000 source latency
20.939135         network latency _670_/CLK
        20.939135 network latency _670_/CLK
---------------
20.939135 20.939135 latency
        0.000000 skew

fall -> fall
    min     max
0.000000 0.000000 source latency
0.302901         network latency _669_/CLK
        0.302901 network latency _669_/CLK
---------------
0.302901 0.302901 latency
        0.000000 skew



===========================================================================
report_clock_min_period
============================================================================
clk period_min = 4.36 fmax = 229.31
