+ analyze_power_grid -net VDD -voltage_file /foss/designs/openlane/digital_wrapper/runs/RUN_2026-06-29_12-59-41/56-openroad-irdropreport/net-VDD.csv
[INFO PSM-0040] All shapes on net VDD are connected.
########## IR report #################
Net              : VDD
Corner           : nom_tt_025C_5v00
Total power      : 1.59e-03 W
Supply voltage   : 5.00e+00 V
Worstcase voltage: 5.00e+00 V
Average voltage  : 5.00e+00 V
Average IR drop  : 3.50e-05 V
Worstcase IR drop: 9.92e-05 V
Percentage drop  : 0.00 %
######################################
+ analyze_power_grid -net VSS -voltage_file /foss/designs/openlane/digital_wrapper/runs/RUN_2026-06-29_12-59-41/56-openroad-irdropreport/net-VSS.csv
[INFO PSM-0040] All shapes on net VSS are connected.
########## IR report #################
Net              : VSS
Corner           : nom_tt_025C_5v00
Total power      : 1.59e-03 W
Supply voltage   : 0.00e+00 V
Worstcase voltage: 9.60e-05 V
Average voltage  : 3.43e-05 V
Average IR drop  : 3.43e-05 V
Worstcase IR drop: 9.60e-05 V
Percentage drop  : 0.00 %
######################################
