Clock: clk
Sources: clk 
Generated: no
Virtual: yes
Propagated: no
Period: 100.000000

===========================================================================
report_clock_properties
============================================================================
Clock                   Period          Waveform
----------------------------------------------------
clk                 100.000000    0.000000 50.000000

===========================================================================
report_clock_latency
============================================================================
Clock clk
rise -> rise
    min     max
0.000000 0.000000 source latency
0.699913         network latency _777_/CLK
        24.688240 network latency _743_/CLK
---------------
0.699913 24.688240 latency
        23.988327 skew

rise -> fall
    min     max
0.000000 0.000000 source latency
22.264650         network latency _756_/CLK
        25.176813 network latency _743_/CLK
---------------
22.264650 25.176813 latency
        2.912163 skew

fall -> fall
    min     max
0.000000 0.000000 source latency
0.664883         network latency _777_/CLK
        0.669679 network latency _771_/CLK
---------------
0.664883 0.669679 latency
        0.004796 skew



===========================================================================
report_clock_min_period
============================================================================
clk period_min = 8.18 fmax = 122.17
