Clock: clk
Sources: clk 
Generated: no
Virtual: no
Propagated: no
Period: 100.000000

===========================================================================
report_clock_properties
============================================================================
Clock                   Period          Waveform
----------------------------------------------------
clk                 100.000000    0.000000 50.000000

===========================================================================
report_clock_latency
============================================================================
Clock clk
rise -> rise
    min     max
0.000000 0.000000 source latency
0.328570         network latency _669_/CLK
        21.013083 network latency _670_/CLK
---------------
0.328570 21.013083 latency
        20.684511 skew

rise -> fall
    min     max
0.000000 0.000000 source latency
20.640715         network latency _670_/CLK
        20.640715 network latency _670_/CLK
---------------
20.640715 20.640715 latency
        0.000000 skew

fall -> fall
    min     max
0.000000 0.000000 source latency
0.205841         network latency _669_/CLK
        0.205841 network latency _669_/CLK
---------------
0.205841 0.205841 latency
        0.000000 skew



===========================================================================
report_clock_min_period
============================================================================
clk period_min = 2.80 fmax = 357.08
