Clock: clk
Sources: clk 
Generated: no
Virtual: yes
Propagated: no
Period: 100.000000

===========================================================================
report_clock_properties
============================================================================
Clock                   Period          Waveform
----------------------------------------------------
clk                 100.000000    0.000000 50.000000

===========================================================================
report_clock_latency
============================================================================
Clock clk
rise -> rise
    min     max
0.000000 0.000000 source latency
0.474592         network latency _774_/CLK
        23.090059 network latency _736_/CLK
---------------
0.474592 23.090059 latency
        22.615467 skew

rise -> fall
    min     max
0.000000 0.000000 source latency
21.463276         network latency _756_/CLK
        23.371946 network latency _736_/CLK
---------------
21.463276 23.371946 latency
        1.908671 skew

fall -> fall
    min     max
0.000000 0.000000 source latency
0.443332         network latency _774_/CLK
        0.448441 network latency _695_/CLK
---------------
0.443332 0.448441 latency
        0.005109 skew



===========================================================================
report_clock_min_period
============================================================================
clk period_min = 5.53 fmax = 180.84
