Clock: clk
Sources: clk 
Generated: no
Virtual: yes
Propagated: no
Period: 100.000000

===========================================================================
report_clock_properties
============================================================================
Clock                   Period          Waveform
----------------------------------------------------
clk                 100.000000    0.000000 50.000000

===========================================================================
report_clock_latency
============================================================================
Clock clk
rise -> rise
    min     max
0.000000 0.000000 source latency
0.479576         network latency _774_/CLK
        23.137899 network latency _736_/CLK
---------------
0.479576 23.137899 latency
        22.658323 skew

rise -> fall
    min     max
0.000000 0.000000 source latency
21.485050         network latency _756_/CLK
        23.420118 network latency _736_/CLK
---------------
21.485050 23.420118 latency
        1.935067 skew

fall -> fall
    min     max
0.000000 0.000000 source latency
0.447187         network latency _774_/CLK
        0.452907 network latency _695_/CLK
---------------
0.447187 0.452907 latency
        0.005720 skew



===========================================================================
report_clock_min_period
============================================================================
clk period_min = 5.61 fmax = 178.30
