                                                                       Cells by Function                                                                        
┏━━━━━━━━━━━━━━━━━━━━━━━━━━━━━━━━━━━━━━━━━━━━━━━━━━━━━━━━━━━━━━━━━━━━━━━━━━━━━━━━━━━━━━━━━━━━━━━━━━━━━━━━━━━━━━━━━━━━━━━━━━━━━━━━━━━┳━━━━━━━━━━━━━━━━━━━━━━━━━━┓
┃ Cell Function                                                                                                                     ┃ Count                    ┃
┡━━━━━━━━━━━━━━━━━━━━━━━━━━━━━━━━━━━━━━━━━━━━━━━━━━━━━━━━━━━━━━━━━━━━━━━━━━━━━━━━━━━━━━━━━━━━━━━━━━━━━━━━━━━━━━━━━━━━━━━━━━━━━━━━━━━╇━━━━━━━━━━━━━━━━━━━━━━━━━━┩
│ gf180mcu_fd_sc_mcu7t5v0__and2                                                                                                     │ 15                       │
│ gf180mcu_fd_sc_mcu7t5v0__and3                                                                                                     │ 1                        │
│ gf180mcu_fd_sc_mcu7t5v0__and4                                                                                                     │ 1                        │
│ gf180mcu_fd_sc_mcu7t5v0__aoi21                                                                                                    │ 46                       │
│ gf180mcu_fd_sc_mcu7t5v0__aoi22                                                                                                    │ 11                       │
│ gf180mcu_fd_sc_mcu7t5v0__aoi221                                                                                                   │ 2                        │
│ gf180mcu_fd_sc_mcu7t5v0__aoi222                                                                                                   │ 6                        │
│ gf180mcu_fd_sc_mcu7t5v0__buf                                                                                                      │ 9                        │
│ gf180mcu_fd_sc_mcu7t5v0__clkbuf                                                                                                   │ 19                       │
│ gf180mcu_fd_sc_mcu7t5v0__clkinv                                                                                                   │ 31                       │
│ gf180mcu_fd_sc_mcu7t5v0__dffq                                                                                                     │ 49                       │
│ gf180mcu_fd_sc_mcu7t5v0__dffrnq                                                                                                   │ 57                       │
│ gf180mcu_fd_sc_mcu7t5v0__dffsnq                                                                                                   │ 3                        │
│ gf180mcu_fd_sc_mcu7t5v0__dlyb                                                                                                     │ 49                       │
│ gf180mcu_fd_sc_mcu7t5v0__dlyc                                                                                                     │ 1                        │
│ gf180mcu_fd_sc_mcu7t5v0__fill                                                                                                     │ 528                      │
│ gf180mcu_fd_sc_mcu7t5v0__fillcap                                                                                                  │ 575                      │
│ gf180mcu_fd_sc_mcu7t5v0__mux2                                                                                                     │ 31                       │
│ gf180mcu_fd_sc_mcu7t5v0__nand2                                                                                                    │ 52                       │
│ gf180mcu_fd_sc_mcu7t5v0__nand3                                                                                                    │ 6                        │
│ gf180mcu_fd_sc_mcu7t5v0__nand4                                                                                                    │ 3                        │
│ gf180mcu_fd_sc_mcu7t5v0__nor2                                                                                                     │ 59                       │
│ gf180mcu_fd_sc_mcu7t5v0__nor3                                                                                                     │ 14                       │
│ gf180mcu_fd_sc_mcu7t5v0__nor4                                                                                                     │ 4                        │
│ gf180mcu_fd_sc_mcu7t5v0__oai21                                                                                                    │ 13                       │
│ gf180mcu_fd_sc_mcu7t5v0__oai211                                                                                                   │ 5                        │
│ gf180mcu_fd_sc_mcu7t5v0__oai22                                                                                                    │ 5                        │
│ gf180mcu_fd_sc_mcu7t5v0__oai31                                                                                                    │ 3                        │
│ gf180mcu_fd_sc_mcu7t5v0__oai32                                                                                                    │ 1                        │
│ gf180mcu_fd_sc_mcu7t5v0__or2                                                                                                      │ 6                        │
│ gf180mcu_fd_sc_mcu7t5v0__or3                                                                                                      │ 1                        │
│ gf180mcu_fd_sc_mcu7t5v0__xnor2                                                                                                    │ 3                        │
│ gf180mcu_fd_sc_mcu7t5v0__xor2                                                                                                     │ 14                       │
│ gf180mcu_fd_sc_mcu7t5v0__xor3                                                                                                     │ 2                        │
└───────────────────────────────────────────────────────────────────────────────────────────────────────────────────────────────────┴──────────────────────────┘
