Clock: clk
Sources: clk 
Generated: no
Virtual: yes
Propagated: no
Period: 100.000000

===========================================================================
report_clock_properties
============================================================================
Clock                   Period          Waveform
----------------------------------------------------
clk                 100.000000    0.000000 50.000000

===========================================================================
report_clock_latency
============================================================================
Clock clk
rise -> rise
    min     max
0.000000 0.000000 source latency
0.745379         network latency _774_/CLK
        25.184988 network latency _736_/CLK
---------------
0.745379 25.184988 latency
        24.439608 skew

rise -> fall
    min     max
0.000000 0.000000 source latency
22.493450         network latency _756_/CLK
        25.688354 network latency _736_/CLK
---------------
22.493450 25.688354 latency
        3.194906 skew

fall -> fall
    min     max
0.000000 0.000000 source latency
0.700837         network latency _774_/CLK
        0.710436 network latency _775_/CLK
---------------
0.700837 0.710436 latency
        0.009599 skew



===========================================================================
report_clock_min_period
============================================================================
clk period_min = 8.97 fmax = 111.47
