127. Printing statistics.

=== digital_wrapper ===

        +----------Local Count, excluding submodules.
        |        +-Local Area, excluding submodules.
        |        | 
      442        - wires
      442        - wire bits
      118        - public wires
      118        - public wire bits
       29        - ports
       29        - port bits
      435 1.33E+04 cells
       14  245.862   gf180mcu_fd_sc_mcu7t5v0__and2_1
        3   65.856   gf180mcu_fd_sc_mcu7t5v0__and3_1
        2   43.904   gf180mcu_fd_sc_mcu7t5v0__aoi211_1
       48  842.957   gf180mcu_fd_sc_mcu7t5v0__aoi21_1
        1   24.147   gf180mcu_fd_sc_mcu7t5v0__aoi221_1
        5  153.664   gf180mcu_fd_sc_mcu7t5v0__aoi222_1
       12  237.082   gf180mcu_fd_sc_mcu7t5v0__aoi22_1
       32  280.986   gf180mcu_fd_sc_mcu7t5v0__clkinv_1
       49 3.12E+03   gf180mcu_fd_sc_mcu7t5v0__dffq_1
       57 4.25E+03   gf180mcu_fd_sc_mcu7t5v0__dffrnq_1
        3  237.082   gf180mcu_fd_sc_mcu7t5v0__dffsnq_1
       22  724.416   gf180mcu_fd_sc_mcu7t5v0__mux2_2
       49  537.824   gf180mcu_fd_sc_mcu7t5v0__nand2_1
        7  107.565   gf180mcu_fd_sc_mcu7t5v0__nand3_1
        4   79.027   gf180mcu_fd_sc_mcu7t5v0__nand4_1
       57  750.758   gf180mcu_fd_sc_mcu7t5v0__nor2_1
       14  245.862   gf180mcu_fd_sc_mcu7t5v0__nor3_1
        4   87.808   gf180mcu_fd_sc_mcu7t5v0__nor4_1
        3   65.856   gf180mcu_fd_sc_mcu7t5v0__oai211_1
       13  228.301   gf180mcu_fd_sc_mcu7t5v0__oai21_1
        1   26.342   gf180mcu_fd_sc_mcu7t5v0__oai221_1
        4   87.808   gf180mcu_fd_sc_mcu7t5v0__oai22_1
        4   96.589   gf180mcu_fd_sc_mcu7t5v0__oai31_1
        1   26.342   gf180mcu_fd_sc_mcu7t5v0__oai32_1
        4   70.246   gf180mcu_fd_sc_mcu7t5v0__or2_1
        1   21.952   gf180mcu_fd_sc_mcu7t5v0__or3_1
        1    8.781   gf180mcu_fd_sc_mcu7t5v0__tiel
        2   57.075   gf180mcu_fd_sc_mcu7t5v0__xnor2_1
       16  421.478   gf180mcu_fd_sc_mcu7t5v0__xor2_1
        2  100.979   gf180mcu_fd_sc_mcu7t5v0__xor3_1

   Chip area for module '\digital_wrapper': 13250.227200
     of which used for sequential elements: 7610.758400 (57.44%)

