147. Printing statistics.

=== digital_wrapper ===

        +----------Local Count, excluding submodules.
        |        +-Local Area, excluding submodules.
        |        | 
      239        - wires
      261        - wire bits
       32        - public wires
       47        - public wire bits
       29        - ports
       29        - port bits
      252  2849.37 cells
       78        -   $_ANDNOT_
        2        -   $_AND_
       32        -   $_MUX_
        6        -   $_NAND_
       25        -   $_NOR_
        5        -   $_NOT_
       10        -   $_ORNOT_
       44        -   $_OR_
        2        -   $_XNOR_
       10        -   $_XOR_
       35 2.61E+03   gf180mcu_fd_sc_mcu7t5v0__dffrnq_1
        3  237.082   gf180mcu_fd_sc_mcu7t5v0__dffsnq_1

   Area for cell type $_ANDNOT_ is unknown!
   Area for cell type $_AND_ is unknown!
   Area for cell type $_MUX_ is unknown!
   Area for cell type $_NAND_ is unknown!
   Area for cell type $_NOR_ is unknown!
   Area for cell type $_NOT_ is unknown!
   Area for cell type $_ORNOT_ is unknown!
   Area for cell type $_OR_ is unknown!
   Area for cell type $_XNOR_ is unknown!
   Area for cell type $_XOR_ is unknown!

   Chip area for module '\digital_wrapper': 2849.369600
     of which used for sequential elements: 2849.369600 (100.00%)

