145. Printing statistics.

=== digital_wrapper ===

        +----------Local Count, excluding submodules.
        | 
      207 wires
      229 wire bits
       32 public wires
       47 public wire bits
       29 ports
       29 port bits
      220 cells
       78   $_ANDNOT_
        2   $_AND_
       30   $_DFFE_PN0P_
        2   $_DFFE_PN1P_
        5   $_DFF_PN0_
        1   $_DFF_PN1_
        6   $_NAND_
       25   $_NOR_
        5   $_NOT_
       10   $_ORNOT_
       44   $_OR_
        2   $_XNOR_
       10   $_XOR_

   Area for cell type $_ANDNOT_ is unknown!
   Area for cell type $_AND_ is unknown!
   Area for cell type $_DFFE_PN0P_ is unknown!
   Area for cell type $_DFFE_PN1P_ is unknown!
   Area for cell type $_DFF_PN0_ is unknown!
   Area for cell type $_DFF_PN1_ is unknown!
   Area for cell type $_NAND_ is unknown!
   Area for cell type $_NOR_ is unknown!
   Area for cell type $_NOT_ is unknown!
   Area for cell type $_ORNOT_ is unknown!
   Area for cell type $_OR_ is unknown!
   Area for cell type $_XNOR_ is unknown!
   Area for cell type $_XOR_ is unknown!

