155. Printing statistics.

=== digital_wrapper ===

        +----------Local Count, excluding submodules.
        |        +-Local Area, excluding submodules.
        |        | 
      198        - wires
      198        - wire bits
       47        - public wires
       47        - public wire bits
       29        - ports
       29        - port bits
      191  5.3E+03 cells
        3   52.685   gf180mcu_fd_sc_mcu7t5v0__and2_1
        3   65.856   gf180mcu_fd_sc_mcu7t5v0__and3_1
        1   24.147   gf180mcu_fd_sc_mcu7t5v0__and4_1
       23  403.917   gf180mcu_fd_sc_mcu7t5v0__aoi21_1
        2   48.294   gf180mcu_fd_sc_mcu7t5v0__aoi221_1
        4   79.027   gf180mcu_fd_sc_mcu7t5v0__aoi22_1
       33  289.766   gf180mcu_fd_sc_mcu7t5v0__clkinv_1
       35 2.61E+03   gf180mcu_fd_sc_mcu7t5v0__dffrnq_1
        3  237.082   gf180mcu_fd_sc_mcu7t5v0__dffsnq_1
        4  131.712   gf180mcu_fd_sc_mcu7t5v0__mux2_2
       12  131.712   gf180mcu_fd_sc_mcu7t5v0__nand2_1
       18  276.595   gf180mcu_fd_sc_mcu7t5v0__nand3_1
        5   98.784   gf180mcu_fd_sc_mcu7t5v0__nand4_1
        9  118.541   gf180mcu_fd_sc_mcu7t5v0__nor2_1
        6   105.37   gf180mcu_fd_sc_mcu7t5v0__nor3_1
       10   219.52   gf180mcu_fd_sc_mcu7t5v0__nor4_1
        4   87.808   gf180mcu_fd_sc_mcu7t5v0__oai211_1
        3   52.685   gf180mcu_fd_sc_mcu7t5v0__oai21_1
        1   26.342   gf180mcu_fd_sc_mcu7t5v0__oai221_1
        2   43.904   gf180mcu_fd_sc_mcu7t5v0__oai22_1
        2   48.294   gf180mcu_fd_sc_mcu7t5v0__oai31_1
        3   52.685   gf180mcu_fd_sc_mcu7t5v0__or2_1
        2   52.685   gf180mcu_fd_sc_mcu7t5v0__or4_1
        2   17.562   gf180mcu_fd_sc_mcu7t5v0__tiel
        1   26.342   gf180mcu_fd_sc_mcu7t5v0__xor2_1

   Chip area for module '\digital_wrapper': 5303.603200
     of which used for sequential elements: 2849.369600 (53.73%)

