Clock: clk
Sources: clk 
Generated: no
Virtual: yes
Propagated: no
Period: 100.000000

===========================================================================
report_clock_properties
============================================================================
Clock                   Period          Waveform
----------------------------------------------------
clk                 100.000000    0.000000 50.000000

===========================================================================
report_clock_latency
============================================================================
Clock clk
rise -> rise
    min     max
0.000000 0.000000 source latency
0.729599         network latency _774_/CLK
        25.028290 network latency _736_/CLK
---------------
0.729599 25.028290 latency
        24.298691 skew

rise -> fall
    min     max
0.000000 0.000000 source latency
22.420496         network latency _756_/CLK
        25.529434 network latency _736_/CLK
---------------
22.420496 25.529434 latency
        3.108937 skew

fall -> fall
    min     max
0.000000 0.000000 source latency
0.688104         network latency _774_/CLK
        0.696193 network latency _775_/CLK
---------------
0.688104 0.696193 latency
        0.008090 skew



===========================================================================
report_clock_min_period
============================================================================
clk period_min = 8.71 fmax = 114.83
