117. Printing statistics.

=== digital_wrapper ===

        +----------Local Count, excluding submodules.
        | 
      380 wires
      477 wire bits
       42 public wires
      118 public wire bits
       29 ports
       29 port bits
      461 cells
      132   $_ANDNOT_
       10   $_AND_
       50   $_DFFE_PN0P_
        2   $_DFFE_PN1P_
       39   $_DFFE_PP_
        7   $_DFF_PN0_
        1   $_DFF_PN1_
        1   $_DFF_P_
       10   $_MUX_
       20   $_NAND_
       35   $_NOR_
        6   $_NOT_
       29   $_ORNOT_
       72   $_OR_
        1   $_SDFFCE_PN0P_
        8   $_SDFFE_PP0N_
        9   $_XNOR_
       29   $_XOR_

   Area for cell type $_ANDNOT_ is unknown!
   Area for cell type $_AND_ is unknown!
   Area for cell type $_DFFE_PN0P_ is unknown!
   Area for cell type $_DFFE_PN1P_ is unknown!
   Area for cell type $_DFFE_PP_ is unknown!
   Area for cell type $_DFF_PN0_ is unknown!
   Area for cell type $_DFF_PN1_ is unknown!
   Area for cell type $_DFF_P_ is unknown!
   Area for cell type $_MUX_ is unknown!
   Area for cell type $_NAND_ is unknown!
   Area for cell type $_NOR_ is unknown!
   Area for cell type $_NOT_ is unknown!
   Area for cell type $_ORNOT_ is unknown!
   Area for cell type $_OR_ is unknown!
   Area for cell type $_SDFFCE_PN0P_ is unknown!
   Area for cell type $_SDFFE_PP0N_ is unknown!
   Area for cell type $_XNOR_ is unknown!
   Area for cell type $_XOR_ is unknown!

