Clock: clk
Sources: clk 
Generated: no
Virtual: yes
Propagated: no
Period: 100.000000

===========================================================================
report_clock_properties
============================================================================
Clock                   Period          Waveform
----------------------------------------------------
clk                 100.000000    0.000000 50.000000

===========================================================================
report_clock_latency
============================================================================
Clock clk
rise -> rise
    min     max
0.000000 0.000000 source latency
1.295838         network latency _774_/CLK
        29.427691 network latency _736_/CLK
---------------
1.295838 29.427691 latency
        28.131851 skew

rise -> fall
    min     max
0.000000 0.000000 source latency
24.582008         network latency _756_/CLK
        30.382339 network latency _736_/CLK
---------------
24.582008 30.382339 latency
        5.800331 skew

fall -> fall
    min     max
0.000000 0.000000 source latency
1.226010         network latency _774_/CLK
        1.240934 network latency _775_/CLK
---------------
1.226010 1.240934 latency
        0.014925 skew



===========================================================================
report_clock_min_period
============================================================================
clk period_min = 15.94 fmax = 62.72
