Clock: clk
Sources: clk 
Generated: no
Virtual: yes
Propagated: no
Period: 100.000000

===========================================================================
report_clock_properties
============================================================================
Clock                   Period          Waveform
----------------------------------------------------
clk                 100.000000    0.000000 50.000000

===========================================================================
report_clock_latency
============================================================================
Clock clk
rise -> rise
    min     max
0.000000 0.000000 source latency
0.621626         network latency _718_/CLK
        21.953381 network latency _743_/CLK
---------------
0.621626 21.953381 latency
        21.331755 skew

rise -> fall
    min     max
0.000000 0.000000 source latency
21.229717         network latency _675_/CLK
        21.236425 network latency _743_/CLK
---------------
21.229717 21.236425 latency
        0.006708 skew

fall -> fall
    min     max
0.000000 0.000000 source latency
0.389989         network latency _718_/CLK
        0.395758 network latency _669_/CLK
---------------
0.389989 0.395758 latency
        0.005770 skew



===========================================================================
report_clock_min_period
============================================================================
clk period_min = 6.06 fmax = 164.97
