Clock: clk
Sources: clk 
Generated: no
Virtual: yes
Propagated: no
Period: 100.000000

===========================================================================
report_clock_properties
============================================================================
Clock                   Period          Waveform
----------------------------------------------------
clk                 100.000000    0.000000 50.000000

===========================================================================
report_clock_latency
============================================================================
Clock clk
rise -> rise
    min     max
0.000000 0.000000 source latency
0.722254         network latency _774_/CLK
        24.905926 network latency _736_/CLK
---------------
0.722254 24.905926 latency
        24.183670 skew

rise -> fall
    min     max
0.000000 0.000000 source latency
22.299784         network latency _756_/CLK
        25.383253 network latency _736_/CLK
---------------
22.299784 25.383253 latency
        3.083470 skew

fall -> fall
    min     max
0.000000 0.000000 source latency
0.684011         network latency _774_/CLK
        0.691212 network latency _775_/CLK
---------------
0.684011 0.691212 latency
        0.007201 skew



===========================================================================
report_clock_min_period
============================================================================
clk period_min = 8.57 fmax = 116.67
