Clock: clk
Sources: clk 
Generated: no
Virtual: yes
Propagated: no
Period: 100.000000

===========================================================================
report_clock_properties
============================================================================
Clock                   Period          Waveform
----------------------------------------------------
clk                 100.000000    0.000000 50.000000

===========================================================================
report_clock_latency
============================================================================
Clock clk
rise -> rise
    min     max
0.000000 0.000000 source latency
1.322706         network latency _774_/CLK
        29.697187 network latency _736_/CLK
---------------
1.322706 29.697187 latency
        28.374483 skew

rise -> fall
    min     max
0.000000 0.000000 source latency
24.709276         network latency _756_/CLK
        30.655476 network latency _736_/CLK
---------------
24.709276 30.655476 latency
        5.946198 skew

fall -> fall
    min     max
0.000000 0.000000 source latency
1.247720         network latency _774_/CLK
        1.265395 network latency _775_/CLK
---------------
1.247720 1.265395 latency
        0.017675 skew



===========================================================================
report_clock_min_period
============================================================================
clk period_min = 16.39 fmax = 61.00
