127. Printing statistics.

=== digital_wrapper ===

        +----------Local Count, excluding submodules.
        |        +-Local Area, excluding submodules.
        |        | 
      452        - wires
      452        - wire bits
      118        - public wires
      118        - public wire bits
       29        - ports
       29        - port bits
      445 1.35E+04 cells
       15  263.424   gf180mcu_fd_sc_mcu7t5v0__and2_1
        1   21.952   gf180mcu_fd_sc_mcu7t5v0__and3_1
        1   24.147   gf180mcu_fd_sc_mcu7t5v0__and4_1
       46  807.834   gf180mcu_fd_sc_mcu7t5v0__aoi21_1
        2   48.294   gf180mcu_fd_sc_mcu7t5v0__aoi221_1
        6  184.397   gf180mcu_fd_sc_mcu7t5v0__aoi222_1
       11  217.325   gf180mcu_fd_sc_mcu7t5v0__aoi22_1
       31  272.205   gf180mcu_fd_sc_mcu7t5v0__clkinv_1
       49 3.12E+03   gf180mcu_fd_sc_mcu7t5v0__dffq_1
       57 4.25E+03   gf180mcu_fd_sc_mcu7t5v0__dffrnq_1
        3  237.082   gf180mcu_fd_sc_mcu7t5v0__dffsnq_1
       31 1.02E+03   gf180mcu_fd_sc_mcu7t5v0__mux2_2
       52  570.752   gf180mcu_fd_sc_mcu7t5v0__nand2_1
        6   92.198   gf180mcu_fd_sc_mcu7t5v0__nand3_1
        3    59.27   gf180mcu_fd_sc_mcu7t5v0__nand4_1
       59  777.101   gf180mcu_fd_sc_mcu7t5v0__nor2_1
       14  245.862   gf180mcu_fd_sc_mcu7t5v0__nor3_1
        4   87.808   gf180mcu_fd_sc_mcu7t5v0__nor4_1
        5   109.76   gf180mcu_fd_sc_mcu7t5v0__oai211_1
       13  228.301   gf180mcu_fd_sc_mcu7t5v0__oai21_1
        5   109.76   gf180mcu_fd_sc_mcu7t5v0__oai22_1
        3   72.442   gf180mcu_fd_sc_mcu7t5v0__oai31_1
        1   26.342   gf180mcu_fd_sc_mcu7t5v0__oai32_1
        6   105.37   gf180mcu_fd_sc_mcu7t5v0__or2_1
        1   21.952   gf180mcu_fd_sc_mcu7t5v0__or3_1
        1    8.781   gf180mcu_fd_sc_mcu7t5v0__tiel
        3   85.613   gf180mcu_fd_sc_mcu7t5v0__xnor2_1
       14  368.794   gf180mcu_fd_sc_mcu7t5v0__xor2_1
        2  100.979   gf180mcu_fd_sc_mcu7t5v0__xor3_1

   Chip area for module '\digital_wrapper': 13542.188800
     of which used for sequential elements: 7610.758400 (56.20%)

