119. Printing statistics.

=== digital_wrapper ===

        +----------Local Count, excluding submodules.
        |        +-Local Area, excluding submodules.
        |        | 
      490        - wires
      587        - wire bits
       42        - public wires
      118        - public wire bits
       29        - ports
       29        - port bits
      571 7.61E+03 cells
      136        -   $_ANDNOT_
        9        -   $_AND_
      119        -   $_MUX_
       19        -   $_NAND_
       35        -   $_NOR_
        8        -   $_NOT_
       23        -   $_ORNOT_
       76        -   $_OR_
        8        -   $_XNOR_
       29        -   $_XOR_
       49 3.12E+03   gf180mcu_fd_sc_mcu7t5v0__dffq_1
       57 4.25E+03   gf180mcu_fd_sc_mcu7t5v0__dffrnq_1
        3  237.082   gf180mcu_fd_sc_mcu7t5v0__dffsnq_1

   Area for cell type $_ANDNOT_ is unknown!
   Area for cell type $_AND_ is unknown!
   Area for cell type $_MUX_ is unknown!
   Area for cell type $_NAND_ is unknown!
   Area for cell type $_NOR_ is unknown!
   Area for cell type $_NOT_ is unknown!
   Area for cell type $_ORNOT_ is unknown!
   Area for cell type $_OR_ is unknown!
   Area for cell type $_XNOR_ is unknown!
   Area for cell type $_XOR_ is unknown!

   Chip area for module '\digital_wrapper': 7610.758400
     of which used for sequential elements: 7610.758400 (100.00%)

