127. Printing statistics.

=== digital_wrapper ===

        +----------Local Count, excluding submodules.
        |        +-Local Area, excluding submodules.
        |        | 
      456        - wires
      456        - wire bits
      118        - public wires
      118        - public wire bits
       29        - ports
       29        - port bits
      449 1.36E+04 cells
       17  298.547   gf180mcu_fd_sc_mcu7t5v0__and2_1
        4   87.808   gf180mcu_fd_sc_mcu7t5v0__and3_1
        2   48.294   gf180mcu_fd_sc_mcu7t5v0__and4_1
        2   43.904   gf180mcu_fd_sc_mcu7t5v0__aoi211_1
       48  842.957   gf180mcu_fd_sc_mcu7t5v0__aoi21_1
        2   48.294   gf180mcu_fd_sc_mcu7t5v0__aoi221_1
        6  184.397   gf180mcu_fd_sc_mcu7t5v0__aoi222_1
        7  138.298   gf180mcu_fd_sc_mcu7t5v0__aoi22_1
       37   324.89   gf180mcu_fd_sc_mcu7t5v0__clkinv_1
       49 3.12E+03   gf180mcu_fd_sc_mcu7t5v0__dffq_1
       57 4.25E+03   gf180mcu_fd_sc_mcu7t5v0__dffrnq_1
        3  237.082   gf180mcu_fd_sc_mcu7t5v0__dffsnq_1
       30   987.84   gf180mcu_fd_sc_mcu7t5v0__mux2_2
       43  471.968   gf180mcu_fd_sc_mcu7t5v0__nand2_1
        6   92.198   gf180mcu_fd_sc_mcu7t5v0__nand3_1
        4   79.027   gf180mcu_fd_sc_mcu7t5v0__nand4_1
       60  790.272   gf180mcu_fd_sc_mcu7t5v0__nor2_1
       12  210.739   gf180mcu_fd_sc_mcu7t5v0__nor3_1
        3   65.856   gf180mcu_fd_sc_mcu7t5v0__nor4_1
        4   87.808   gf180mcu_fd_sc_mcu7t5v0__oai211_1
       17  298.547   gf180mcu_fd_sc_mcu7t5v0__oai21_1
        1   26.342   gf180mcu_fd_sc_mcu7t5v0__oai221_1
        8  175.616   gf180mcu_fd_sc_mcu7t5v0__oai22_1
        3   72.442   gf180mcu_fd_sc_mcu7t5v0__oai31_1
        6   105.37   gf180mcu_fd_sc_mcu7t5v0__or2_1
        1    8.781   gf180mcu_fd_sc_mcu7t5v0__tiel
        3   85.613   gf180mcu_fd_sc_mcu7t5v0__xnor2_1
       12  316.109   gf180mcu_fd_sc_mcu7t5v0__xor2_1
        2  100.979   gf180mcu_fd_sc_mcu7t5v0__xor3_1

   Chip area for module '\digital_wrapper': 13603.654400
     of which used for sequential elements: 7610.758400 (55.95%)

