Clock: clk
Sources: clk 
Generated: no
Virtual: no
Propagated: no
Period: 100.000000

===========================================================================
report_clock_properties
============================================================================
Clock                   Period          Waveform
----------------------------------------------------
clk                 100.000000    0.000000 50.000000

===========================================================================
report_clock_latency
============================================================================
Clock clk
rise -> rise
    min     max
0.000000 0.000000 source latency
0.812586         network latency _669_/CLK
        22.496809 network latency _670_/CLK
---------------
0.812586 22.496809 latency
        21.684223 skew

rise -> fall
    min     max
0.000000 0.000000 source latency
21.546785         network latency _670_/CLK
        21.546785 network latency _670_/CLK
---------------
21.546785 21.546785 latency
        0.000000 skew

fall -> fall
    min     max
0.000000 0.000000 source latency
0.502180         network latency _669_/CLK
        0.502180 network latency _669_/CLK
---------------
0.502180 0.502180 latency
        0.000000 skew



===========================================================================
report_clock_min_period
============================================================================
clk period_min = 7.96 fmax = 125.58
